2025-03-24 22:07:18,525 - custodian.policy - INFO - policy:delete-unencrypted-backup resource:huaweicloud.cbr-backup region: count:6 time:1.06
2025-03-24 22:07:19,979 - custodian.policy - INFO - policy:delete-unencrypted-backup action:cbrdeletebackup resources:6 execution_time:1.45
2025-03-25 10:15:55,270 - custodian.output - ERROR - Error while executing policy
Traceback (most recent call last):
  File "/root/huawei_custodian/cloud-custodian/c7n/policy.py", line 330, in run
    resources = self.policy.resource_manager.resources()
  File "/root/huawei_custodian/cloud-custodian/tools/c7n_huaweicloud/c7n_huaweicloud/query.py", line 153, in resources
    resources = self._fetch_resources(q)
  File "/root/huawei_custodian/cloud-custodian/tools/c7n_huaweicloud/c7n_huaweicloud/query.py", line 172, in _fetch_resources
    return self.augment(self.source.get_resources(query)) or []
                        ~~~~~~~~~~~~~~~~~~~~~~~~~^^^^^^^
  File "/root/huawei_custodian/cloud-custodian/tools/c7n_huaweicloud/c7n_huaweicloud/query.py", line 74, in get_resources
    return self.query.filter(self.manager, **query)
           ~~~~~~~~~~~~~~~~~^^^^^^^^^^^^^^^^^^^^^^^
  File "/root/huawei_custodian/cloud-custodian/tools/c7n_huaweicloud/c7n_huaweicloud/query.py", line 28, in filter
    resources = self._pagination_limit_offset(m, enum_op, path)
  File "/root/huawei_custodian/cloud-custodian/tools/c7n_huaweicloud/c7n_huaweicloud/query.py", line 36, in _pagination_limit_offset
    client = session.client(m.service)
  File "/root/huawei_custodian/cloud-custodian/tools/c7n_huaweicloud/c7n_huaweicloud/client.py", line 70, in client
    return client
           ^^^^^^
UnboundLocalError: cannot access local variable 'client' where it is not associated with a value
2025-03-25 10:20:56,755 - custodian.output - ERROR - Error while executing policy
Traceback (most recent call last):
  File "/root/huawei_custodian/cloud-custodian/c7n/policy.py", line 330, in run
    resources = self.policy.resource_manager.resources()
  File "/root/huawei_custodian/cloud-custodian/tools/c7n_huaweicloud/c7n_huaweicloud/query.py", line 153, in resources
    resources = self._fetch_resources(q)
  File "/root/huawei_custodian/cloud-custodian/tools/c7n_huaweicloud/c7n_huaweicloud/query.py", line 172, in _fetch_resources
    return self.augment(self.source.get_resources(query)) or []
                        ~~~~~~~~~~~~~~~~~~~~~~~~~^^^^^^^
  File "/root/huawei_custodian/cloud-custodian/tools/c7n_huaweicloud/c7n_huaweicloud/query.py", line 74, in get_resources
    return self.query.filter(self.manager, **query)
           ~~~~~~~~~~~~~~~~~^^^^^^^^^^^^^^^^^^^^^^^
  File "/root/huawei_custodian/cloud-custodian/tools/c7n_huaweicloud/c7n_huaweicloud/query.py", line 28, in filter
    resources = self._pagination_limit_offset(m, enum_op, path)
  File "/root/huawei_custodian/cloud-custodian/tools/c7n_huaweicloud/c7n_huaweicloud/query.py", line 36, in _pagination_limit_offset
    client = session.client(m.service)
  File "/root/huawei_custodian/cloud-custodian/tools/c7n_huaweicloud/c7n_huaweicloud/client.py", line 71, in client
    return client
           ^^^^^^
UnboundLocalError: cannot access local variable 'client' where it is not associated with a value
2025-03-25 10:21:27,421 - custodian.policy - INFO - policy:delete-unencrypted-backup resource:huaweicloud.cbr-backup region: count:0 time:1.00
2025-03-25 15:45:44,024 - custodian.policy - INFO - policy:delete-unencrypted-backup resource:huaweicloud.cbr-backup region: count:0 time:0.95
2025-03-25 15:46:07,726 - custodian.policy - INFO - policy:delete-unencrypted-backup resource:huaweicloud.cbr-backup region: count:0 time:0.00
2025-03-25 15:46:26,144 - custodian.policy - INFO - policy:delete-unencrypted-backup resource:huaweicloud.cbr-backup region: count:3 time:0.00
2025-03-25 15:48:20,405 - custodian.policy - INFO - policy:delete-unencrypted-backup resource:huaweicloud.cbr-backup region: count:3 time:0.00
2025-03-25 15:48:40,030 - custodian.policy - INFO - policy:delete-unencrypted-backup resource:huaweicloud.cbr-backup region: count:1 time:0.00
